<?xml version="1.0" encoding="UTF-8"?>
<!-- Generated by org.testng.reporters.JUnitXMLReporter -->
<testsuite ignored="0" hostname="LAPTOP-ODVPAJDQ" failures="0" tests="5" name="Test" time="50.898" errors="0" timestamp="2023-04-16T11:04:05 IST">
  <testcase classname="com.tests.ThreeTest" name="threeTest" time="10.295"/>
  <testcase classname="com.tests.TwoTest" name="testTwo" time="8.625"/>
  <testcase classname="com.tests.FourTest" name="fourTest" time="7.6"/>
  <testcase classname="com.tests.LoginTest" name="login" time="5.493"/>
  <testcase classname="com.tests.RegisterTest" name="register" time="11.744"/>
</testsuite> <!-- Test -->
